2026-01-08 19:41:49 - INFO - ✅ Модули успешно импортированы из src
2026-01-08 19:41:49 - INFO - ======================================================================
2026-01-08 19:41:49 - INFO - 🎯 ДЕМОНСТРАЦИЯ ВЫПОЛНЕНИЯ ЗАДАНИЙ 1 и 2
2026-01-08 19:41:49 - INFO - ======================================================================
2026-01-08 19:41:49 - INFO - S3 клиент для Selectel Cloud Storage
2026-01-08 19:41:49 - INFO - Бакет: de-practice
2026-01-08 19:41:49 - INFO - Endpoint: https://s3.ru-7.storage.selcloud.ru
2026-01-08 19:41:49 - INFO - Файл логов: D:\DE\DE_S3_project\data\logs\pipeline_tasks_1&2_20260108_194148.log
2026-01-08 19:41:49 - INFO - ======================================================================
2026-01-08 19:41:49 - INFO - Инициализирован клиент для https://s3.ru-7.storage.selcloud.ru/de-practice
2026-01-08 19:41:49 - INFO - SSL проверка: False
2026-01-08 19:41:49 - INFO - ✅ S3 клиент создан для бакета: de-practice
2026-01-08 19:41:49 - INFO - 
🔍 Проверка подключения к S3...
2026-01-08 19:41:49 - INFO -    📡 Тестирование соединения...
2026-01-08 19:41:54 - INFO - Получено файлов: 16
2026-01-08 19:41:54 - INFO -    ✅ Подключение успешно! Файлов в бакете: 16
2026-01-08 19:41:54 - INFO -    📋 Примеры файлов (первые 3):
2026-01-08 19:41:54 - INFO -    1. demo_versioning.txt
2026-01-08 19:41:54 - INFO -    2. incoming/test_data_1767640407.csv
2026-01-08 19:41:54 - INFO -    3. incoming/test_data_1767787513.csv
2026-01-08 19:41:54 - INFO - 
============================================================
2026-01-08 19:41:54 - INFO - 🎯 ЗАДАНИЕ 1: Методы list_files() и file_exists()
2026-01-08 19:41:54 - INFO - ============================================================
2026-01-08 19:41:54 - INFO - 
1. 📋 Метод list_files():
2026-01-08 19:41:54 - INFO -    a) Без параметра (все файлы):
2026-01-08 19:41:54 - INFO - Получено файлов: 16
2026-01-08 19:41:54 - INFO -       Всего файлов в бакете: 16
2026-01-08 19:41:54 - INFO -       Примеры (первые 5):
2026-01-08 19:41:54 - INFO -       1. demo_versioning.txt
2026-01-08 19:41:54 - INFO -       2. incoming/test_data_1767640407.csv
2026-01-08 19:41:54 - INFO -       3. incoming/test_data_1767787513.csv
2026-01-08 19:41:54 - INFO -       4. logs/pipeline_log_2026-01-08.json
2026-01-08 19:41:54 - INFO -       5. processed/2026-01-08/salary_filtered_employees_example_1767883705.csv
2026-01-08 19:41:54 - INFO -       ... и еще 11 файлов
2026-01-08 19:41:54 - INFO - 
   b) С параметром prefix='demo' (фильтрация):
2026-01-08 19:41:54 - INFO - Получено файлов с префиксом 'demo': 1
2026-01-08 19:41:54 - INFO -       Файлов с префиксом 'demo': 1
2026-01-08 19:41:54 - INFO -       1. demo_versioning.txt
2026-01-08 19:41:54 - INFO - 
2. 🔍 Метод file_exists():
2026-01-08 19:41:54 - INFO -    • test_file.txt: ❌ ОТСУТСТВУЕТ
2026-01-08 19:41:54 - INFO -    • документ.pdf: ❌ ОТСУТСТВУЕТ
2026-01-08 19:41:54 - INFO -    • несуществующий_файл.xyz: ❌ ОТСУТСТВУЕТ
2026-01-08 19:41:54 - INFO -    • demo_versioning.txt: ✅ СУЩЕСТВУЕТ
2026-01-08 19:41:54 - INFO - 
3. 🔄 Интеграционная проверка методов:
2026-01-08 19:41:54 - INFO -    📤 Загрузка файла тест_задание_1.txt...
2026-01-08 19:41:54 - INFO - Начало загрузки: тест_задание_1.txt (D:\DE\DE_S3_project\data\temp\temp_test_upload.txt)
2026-01-08 19:41:54 - INFO - Загружено: тест_задание_1.txt
2026-01-08 19:41:54 - INFO -    ✅ Файл загружен
2026-01-08 19:41:54 - INFO -    🔍 file_exists(): ✅ Подтверждено
2026-01-08 19:41:54 - INFO - Получено файлов с префиксом 'тест': 1
2026-01-08 19:41:54 - INFO -    📋 file в list_files('тест'): ✅ Найден
2026-01-08 19:41:54 - INFO - Удаление файла: тест_задание_1.txt
2026-01-08 19:41:54 - INFO - Удалено: тест_задание_1.txt
2026-01-08 19:41:54 - INFO -    🗑️  Тестовый файл удален из S3
2026-01-08 19:41:54 - INFO - 
============================================================
2026-01-08 19:41:54 - INFO - ✅ ЗАДАНИЕ 1 ВЫПОЛНЕНО
2026-01-08 19:41:54 - INFO - ============================================================
2026-01-08 19:41:54 - INFO - 
⏳ Переход к заданию 2...
2026-01-08 19:41:56 - INFO - 
============================================================
2026-01-08 19:41:56 - INFO - 🎯 ЗАДАНИЕ 2: Версионирование и политики бакета
2026-01-08 19:41:56 - INFO - ============================================================
2026-01-08 19:41:56 - INFO - 
1. ⚙️ Включение версионирования в бакете:
2026-01-08 19:41:56 - INFO - Включение версионирования для бакета: de-practice
2026-01-08 19:41:56 - INFO - Версионирование включено для бакета: de-practice
2026-01-08 19:41:56 - INFO -    ✅ Версионирование включено
2026-01-08 19:41:56 - INFO -    📊 Статус версионирования: Enabled
2026-01-08 19:41:56 - INFO - 
2. 📝 Создание нескольких версий файла demo_versioning.txt:
2026-01-08 19:41:56 - INFO -    📁 Папка для сохранения: D:\DE\DE_S3_project\data\temp
2026-01-08 19:41:56 - INFO -    📤 Загрузка версии 1...
2026-01-08 19:41:56 - INFO - Начало загрузки: demo_versioning.txt (D:\DE\DE_S3_project\data\temp\demo_versioning_v1.txt)
2026-01-08 19:41:56 - INFO - Загружено: demo_versioning.txt
2026-01-08 19:41:56 - INFO - Загружено с версионированием: demo_versioning.txt, VersionId: 1767890516281306524
2026-01-08 19:41:56 - INFO -    ✅ Загружена версия 1: ID=1767890516...
2026-01-08 19:41:56 - INFO -    💾 Сохранена локально: demo_versioning_v1.txt (707 байт)
2026-01-08 19:41:56 - INFO -    🔤 Кодировка: UTF-8
2026-01-08 19:41:57 - INFO -    📤 Загрузка версии 2...
2026-01-08 19:41:57 - INFO - Начало загрузки: demo_versioning.txt (D:\DE\DE_S3_project\data\temp\demo_versioning_v2.txt)
2026-01-08 19:41:57 - INFO - Загружено: demo_versioning.txt
2026-01-08 19:41:57 - INFO - Загружено с версионированием: demo_versioning.txt, VersionId: 1767890517342527399
2026-01-08 19:41:57 - INFO -    ✅ Загружена версия 2: ID=1767890517...
2026-01-08 19:41:57 - INFO -    💾 Сохранена локально: demo_versioning_v2.txt (706 байт)
2026-01-08 19:41:57 - INFO -    🔤 Кодировка: UTF-8
2026-01-08 19:41:58 - INFO -    📤 Загрузка версии 3...
2026-01-08 19:41:58 - INFO - Начало загрузки: demo_versioning.txt (D:\DE\DE_S3_project\data\temp\demo_versioning_v3.txt)
2026-01-08 19:41:58 - INFO - Загружено: demo_versioning.txt
2026-01-08 19:41:59 - INFO - Загружено с версионированием: demo_versioning.txt, VersionId: 1767890518411675975
2026-01-08 19:41:59 - INFO -    ✅ Загружена версия 3: ID=1767890518...
2026-01-08 19:41:59 - INFO -    💾 Сохранена локально: demo_versioning_v3.txt (707 байт)
2026-01-08 19:41:59 - INFO -    🔤 Кодировка: UTF-8
2026-01-08 19:42:00 - INFO - 
3. 💾 Информация о сохраненных версиях:
2026-01-08 19:42:00 - INFO -    ✅ Сохранено локально версий: 3
2026-01-08 19:42:00 - INFO -    • Версия 1: demo_versioning_v1.txt
2026-01-08 19:42:00 - INFO -      📁 Путь: D:\DE\DE_S3_project\data\temp\demo_versioning_v1.txt
2026-01-08 19:42:00 - INFO -      📊 Размер: 707 байт
2026-01-08 19:42:00 - INFO -    • Версия 2: demo_versioning_v2.txt
2026-01-08 19:42:00 - INFO -      📁 Путь: D:\DE\DE_S3_project\data\temp\demo_versioning_v2.txt
2026-01-08 19:42:00 - INFO -      📊 Размер: 706 байт
2026-01-08 19:42:00 - INFO -    • Версия 3: demo_versioning_v3.txt
2026-01-08 19:42:00 - INFO -      📁 Путь: D:\DE\DE_S3_project\data\temp\demo_versioning_v3.txt
2026-01-08 19:42:00 - INFO -      📊 Размер: 707 байт
2026-01-08 19:42:00 - INFO - 
   📄 Содержимое последней версии (demo_versioning_v3.txt):
2026-01-08 19:42:00 - INFO -    ────────────────────────────────────────
2026-01-08 19:42:00 - INFO -    === Версия 3 файла demo_versioning.txt ===
2026-01-08 19:42:00 - INFO -    Создано: Thu Jan  8 19:41:58 2026
2026-01-08 19:42:00 - INFO -    Временная метка: 1767890518.9174733
2026-01-08 19:42:00 - INFO -    Номер версии: 3 из 3
2026-01-08 19:42:00 - INFO -    Бакет: de-practice
2026-01-08 19:42:00 - INFO -    Endpoint: https://s3.ru-7.storage.selcloud.ru
2026-01-08 19:42:00 - INFO -    ────────────────────────────────────────
2026-01-08 19:42:00 - INFO - 
4. 📋 Получение списка всех версий файла из S3:
2026-01-08 19:42:00 - INFO - Получение версий файла: demo_versioning.txt
2026-01-08 19:42:00 - INFO - Получено версий: 42
2026-01-08 19:42:00 - INFO -    ✅ Найдено версий в S3: 42
2026-01-08 19:42:00 - INFO -    1. [✓] ID: 1767890518411675975
2026-01-08 19:42:00 - INFO -       Время: 2026-01-08 16:41:58+00:00
2026-01-08 19:42:00 - INFO -       Размер: 707 байт
2026-01-08 19:42:00 - INFO -    2. [ ] ID: 1767890517342527399
2026-01-08 19:42:00 - INFO -       Время: 2026-01-08 16:41:57+00:00
2026-01-08 19:42:00 - INFO -       Размер: 706 байт
2026-01-08 19:42:00 - INFO -    3. [ ] ID: 1767890516281306524
2026-01-08 19:42:00 - INFO -       Время: 2026-01-08 16:41:56+00:00
2026-01-08 19:42:00 - INFO -       Размер: 707 байт
2026-01-08 19:42:00 - INFO -    4. [ ] ID: 1767890327650956460
2026-01-08 19:42:00 - INFO -       Время: 2026-01-08 16:38:47+00:00
2026-01-08 19:42:00 - INFO -       Размер: 707 байт
2026-01-08 19:42:00 - INFO -    5. [ ] ID: 1767890326587618362
2026-01-08 19:42:00 - INFO -       Время: 2026-01-08 16:38:46+00:00
2026-01-08 19:42:00 - INFO -       Размер: 707 байт
2026-01-08 19:42:00 - INFO -    6. [ ] ID: 1767890325530632402
2026-01-08 19:42:00 - INFO -       Время: 2026-01-08 16:38:45+00:00
2026-01-08 19:42:00 - INFO -       Размер: 707 байт
2026-01-08 19:42:00 - INFO -    7. [ ] ID: 1767885627819703129
2026-01-08 19:42:00 - INFO -       Время: 2026-01-08 15:20:27+00:00
2026-01-08 19:42:00 - INFO -       Размер: 706 байт
2026-01-08 19:42:00 - INFO -    8. [ ] ID: 1767885626739525457
2026-01-08 19:42:00 - INFO -       Время: 2026-01-08 15:20:26+00:00
2026-01-08 19:42:00 - INFO -       Размер: 707 байт
2026-01-08 19:42:00 - INFO -    9. [ ] ID: 1767885625673049778
2026-01-08 19:42:00 - INFO -       Время: 2026-01-08 15:20:25+00:00
2026-01-08 19:42:00 - INFO -       Размер: 707 байт
2026-01-08 19:42:00 - INFO -    10. [ ] ID: 1767884037822714020
2026-01-08 19:42:00 - INFO -       Время: 2026-01-08 14:53:57+00:00
2026-01-08 19:42:00 - INFO -       Размер: 706 байт
2026-01-08 19:42:00 - INFO -    11. [ ] ID: 1767884036736980225
2026-01-08 19:42:00 - INFO -       Время: 2026-01-08 14:53:56+00:00
2026-01-08 19:42:00 - INFO -       Размер: 706 байт
2026-01-08 19:42:00 - INFO -    12. [ ] ID: 1767884035668813219
2026-01-08 19:42:00 - INFO -       Время: 2026-01-08 14:53:55+00:00
2026-01-08 19:42:00 - INFO -       Размер: 707 байт
2026-01-08 19:42:00 - INFO -    13. [ ] ID: 1767873355114198071
2026-01-08 19:42:00 - INFO -       Время: 2026-01-08 11:55:55+00:00
2026-01-08 19:42:00 - INFO -       Размер: 707 байт
2026-01-08 19:42:00 - INFO -    14. [ ] ID: 1767873354054240832
2026-01-08 19:42:00 - INFO -       Время: 2026-01-08 11:55:54+00:00
2026-01-08 19:42:00 - INFO -       Размер: 707 байт
2026-01-08 19:42:00 - INFO -    15. [ ] ID: 1767873352992654410
2026-01-08 19:42:00 - INFO -       Время: 2026-01-08 11:55:53+00:00
2026-01-08 19:42:00 - INFO -       Размер: 706 байт
2026-01-08 19:42:00 - INFO -    16. [ ] ID: 1767818885387658618
2026-01-08 19:42:00 - INFO -       Время: 2026-01-07 20:48:05+00:00
2026-01-08 19:42:00 - INFO -       Размер: 707 байт
2026-01-08 19:42:00 - INFO -    17. [ ] ID: 1767818884319791028
2026-01-08 19:42:00 - INFO -       Время: 2026-01-07 20:48:04+00:00
2026-01-08 19:42:00 - INFO -       Размер: 706 байт
2026-01-08 19:42:00 - INFO -    18. [ ] ID: 1767818883238506910
2026-01-08 19:42:00 - INFO -       Время: 2026-01-07 20:48:03+00:00
2026-01-08 19:42:00 - INFO -       Размер: 706 байт
2026-01-08 19:42:00 - INFO -    19. [ ] ID: 1767818875774857834
2026-01-08 19:42:00 - INFO -       Время: 2026-01-07 20:47:55+00:00
2026-01-08 19:42:00 - INFO -       Размер: 707 байт
2026-01-08 19:42:00 - INFO -    20. [ ] ID: 1767818874711089895
2026-01-08 19:42:00 - INFO -       Время: 2026-01-07 20:47:54+00:00
2026-01-08 19:42:00 - INFO -       Размер: 707 байт
2026-01-08 19:42:00 - INFO -    21. [ ] ID: 1767818873635176884
2026-01-08 19:42:00 - INFO -       Время: 2026-01-07 20:47:53+00:00
2026-01-08 19:42:00 - INFO -       Размер: 707 байт
2026-01-08 19:42:00 - INFO -    22. [ ] ID: 1767818660909233243
2026-01-08 19:42:00 - INFO -       Время: 2026-01-07 20:44:20+00:00
2026-01-08 19:42:00 - INFO -       Размер: 707 байт
2026-01-08 19:42:00 - INFO -    23. [ ] ID: 1767818659849263035
2026-01-08 19:42:00 - INFO -       Время: 2026-01-07 20:44:19+00:00
2026-01-08 19:42:00 - INFO -       Размер: 707 байт
2026-01-08 19:42:00 - INFO -    24. [ ] ID: 1767818658792956559
2026-01-08 19:42:00 - INFO -       Время: 2026-01-07 20:44:18+00:00
2026-01-08 19:42:00 - INFO -       Размер: 707 байт
2026-01-08 19:42:00 - INFO -    25. [ ] ID: 1767817502398585736
2026-01-08 19:42:00 - INFO -       Время: 2026-01-07 20:25:02+00:00
2026-01-08 19:42:00 - INFO -       Размер: 707 байт
2026-01-08 19:42:00 - INFO -    26. [ ] ID: 1767817501333304717
2026-01-08 19:42:00 - INFO -       Время: 2026-01-07 20:25:01+00:00
2026-01-08 19:42:00 - INFO -       Размер: 706 байт
2026-01-08 19:42:00 - INFO -    27. [ ] ID: 1767817500267650470
2026-01-08 19:42:00 - INFO -       Время: 2026-01-07 20:25:00+00:00
2026-01-08 19:42:00 - INFO -       Размер: 707 байт
2026-01-08 19:42:00 - INFO -    28. [ ] ID: 1767816120092680166
2026-01-08 19:42:00 - INFO -       Время: 2026-01-07 20:02:00+00:00
2026-01-08 19:42:00 - INFO -       Размер: 668 байт
2026-01-08 19:42:00 - INFO -    29. [ ] ID: 1767816119030736683
2026-01-08 19:42:00 - INFO -       Время: 2026-01-07 20:01:59+00:00
2026-01-08 19:42:00 - INFO -       Размер: 669 байт
2026-01-08 19:42:00 - INFO -    30. [ ] ID: 1767816117970650402
2026-01-08 19:42:00 - INFO -       Время: 2026-01-07 20:01:57+00:00
2026-01-08 19:42:00 - INFO -       Размер: 669 байт
2026-01-08 19:42:00 - INFO -    31. [ ] ID: 1767787394977928403
2026-01-08 19:42:00 - INFO -       Время: 2026-01-07 12:03:14+00:00
2026-01-08 19:42:00 - INFO -       Размер: 181 байт
2026-01-08 19:42:00 - INFO -    32. [ ] ID: 1767787393926807365
2026-01-08 19:42:00 - INFO -       Время: 2026-01-07 12:03:13+00:00
2026-01-08 19:42:00 - INFO -       Размер: 181 байт
2026-01-08 19:42:00 - INFO -    33. [ ] ID: 1767787392872568514
2026-01-08 19:42:00 - INFO -       Время: 2026-01-07 12:03:12+00:00
2026-01-08 19:42:00 - INFO -       Размер: 181 байт
2026-01-08 19:42:00 - INFO -    34. [ ] ID: 1767729528236094755
2026-01-08 19:42:00 - INFO -       Время: 2026-01-06 19:58:48+00:00
2026-01-08 19:42:00 - INFO -       Размер: 181 байт
2026-01-08 19:42:00 - INFO -    35. [ ] ID: 1767729527186030636
2026-01-08 19:42:00 - INFO -       Время: 2026-01-06 19:58:47+00:00
2026-01-08 19:42:00 - INFO -       Размер: 181 байт
2026-01-08 19:42:00 - INFO -    36. [ ] ID: 1767729526131259704
2026-01-08 19:42:00 - INFO -       Время: 2026-01-06 19:58:46+00:00
2026-01-08 19:42:00 - INFO -       Размер: 181 байт
2026-01-08 19:42:00 - INFO -    37. [ ] ID: 1767639873127846557
2026-01-08 19:42:00 - INFO -       Время: 2026-01-05 19:04:33+00:00
2026-01-08 19:42:00 - INFO -       Размер: 181 байт
2026-01-08 19:42:00 - INFO -    38. [ ] ID: 1767639872074218024
2026-01-08 19:42:00 - INFO -       Время: 2026-01-05 19:04:32+00:00
2026-01-08 19:42:00 - INFO -       Размер: 181 байт
2026-01-08 19:42:00 - INFO -    39. [ ] ID: 1767639871020002533
2026-01-08 19:42:00 - INFO -       Время: 2026-01-05 19:04:31+00:00
2026-01-08 19:42:00 - INFO -       Размер: 181 байт
2026-01-08 19:42:00 - INFO -    40. [ ] ID: 1767635320984976901
2026-01-08 19:42:00 - INFO -       Время: 2026-01-05 17:48:40+00:00
2026-01-08 19:42:00 - INFO -       Размер: 181 байт
2026-01-08 19:42:00 - INFO -    41. [ ] ID: 1767635319936737319
2026-01-08 19:42:00 - INFO -       Время: 2026-01-05 17:48:39+00:00
2026-01-08 19:42:00 - INFO -       Размер: 181 байт
2026-01-08 19:42:00 - INFO -    42. [ ] ID: 1767635318884375389
2026-01-08 19:42:00 - INFO -       Время: 2026-01-05 17:48:38+00:00
2026-01-08 19:42:00 - INFO -       Размер: 181 байт
2026-01-08 19:42:00 - INFO - 
5. 💾 Скачивание предыдущей версии файла из S3 в папку temp:
2026-01-08 19:42:00 - INFO -    📁 Папка для скачивания: D:\DE\DE_S3_project\data\temp
2026-01-08 19:42:00 - INFO -    📊 Найдено версий в S3: 42
2026-01-08 19:42:00 - INFO -    📥 Скачивание предыдущей версии...
2026-01-08 19:42:00 - INFO -    🔍 ID версии: 176763531888...
2026-01-08 19:42:00 - INFO - Начало скачивания версии 1767635318884375389: demo_versioning.txt
2026-01-08 19:42:00 - INFO - Скачана версия 1767635318884375389 файла demo_versioning.txt -> D:\DE\DE_S3_project\data\temp\demo_versioning_previous_v_1767635318884375389.txt
2026-01-08 19:42:00 - INFO -    ✅ Предыдущая версия скачана успешно!
2026-01-08 19:42:00 - INFO -    📁 Имя файла: demo_versioning_previous_v_1767635318884375389.txt
2026-01-08 19:42:00 - INFO -    📁 Путь: D:\DE\DE_S3_project\data\temp\demo_versioning_previous_v_1767635318884375389.txt
2026-01-08 19:42:00 - INFO -    📊 Размер: 181 байт
2026-01-08 19:42:00 - INFO -    🔤 Прочитано с кодировкой: utf-8
2026-01-08 19:42:00 - INFO -    📄 Содержимое скачанной версии (первые 6 строк):
2026-01-08 19:42:00 - INFO -    ────────────────────────────────────────
2026-01-08 19:42:00 - INFO -    Это версия 1 файла
2026-01-08 19:42:00 - INFO -    Создано: Mon Jan  5 20:48:38 2026
2026-01-08 19:42:00 - INFO -    Тестовый текст на русском: привет мир!
2026-01-08 19:42:00 - INFO -    Test text in English: hello world!
2026-01-08 19:42:00 - INFO -    ────────────────────────────────────────
2026-01-08 19:42:00 - INFO -    📝 Файл пересохранен в кодировке UTF-8 с добавленной информацией
2026-01-08 19:42:00 - INFO - 
6. ⚙️ Настройки политики бакета выполнены в Selectel Cloud Storage Console.
2026-01-08 19:42:00 - INFO -    📋 Для выполнения этой части задания можно использовать:
2026-01-08 19:42:00 - INFO -    Bucket Policy и Lifecycle Policy (для Console) настроены в Selectel:
2026-01-08 19:42:00 - INFO -       • Чтение всем и запись только владельцу
2026-01-08 19:42:00 - INFO -       • 'Жизненный цикл' → добавлено правило удаления через 3 дня
2026-01-08 19:42:00 - INFO - 
7. 📁 ИТОГОВАЯ ИНФОРМАЦИЯ О ФАЙЛАХ В ПАПКЕ TEMP:
2026-01-08 19:42:00 - INFO -    ✅ Найдено файлов demo_versioning: 4
2026-01-08 19:42:00 - INFO -    a) Основные версии (загружены в S3):
2026-01-08 19:42:00 - INFO -       • demo_versioning_v1.txt
2026-01-08 19:42:00 - INFO -         📊 Размер: 707 байт
2026-01-08 19:42:00 - INFO -         🕒 Изменен: Thu Jan  8 19:41:56 2026
2026-01-08 19:42:00 - INFO -       • demo_versioning_v2.txt
2026-01-08 19:42:00 - INFO -         📊 Размер: 706 байт
2026-01-08 19:42:00 - INFO -         🕒 Изменен: Thu Jan  8 19:41:57 2026
2026-01-08 19:42:00 - INFO -       • demo_versioning_v3.txt
2026-01-08 19:42:00 - INFO -         📊 Размер: 707 байт
2026-01-08 19:42:00 - INFO -         🕒 Изменен: Thu Jan  8 19:41:58 2026
2026-01-08 19:42:00 - INFO - 
   b) Скачанные предыдущие версии:
2026-01-08 19:42:00 - INFO -       • demo_versioning_previous_v_1767635318884375389.txt
2026-01-08 19:42:00 - INFO -         📊 Размер: 707 байт
2026-01-08 19:42:00 - INFO -         🕒 Изменен: Thu Jan  8 19:42:00 2026
2026-01-08 19:42:00 - INFO - 
   📍 Полный путь к папке temp: D:\DE\DE_S3_project\data\temp
2026-01-08 19:42:00 - INFO -    💡 Для проверки файлов откройте папку: D:\DE\DE_S3_project\data\temp
2026-01-08 19:42:00 - INFO - 
============================================================
2026-01-08 19:42:00 - INFO - ✅ ЗАДАНИЕ 2 ВЫПОЛНЕНО
2026-01-08 19:42:00 - INFO - ============================================================
2026-01-08 19:42:00 - INFO - 
📋 ДЛЯ ПОДТВЕРЖДЕНИЯ ВЫПОЛНЕНИЯ:
2026-01-08 19:42:00 - INFO - 1. Скриншоты из Selectel Console:
2026-01-08 19:42:00 - INFO -    • Bucket Policy настроена
2026-01-08 19:42:00 - INFO -    • Lifecycle Policy настроена
2026-01-08 19:42:00 - INFO -    • Версионирование включено
2026-01-08 19:42:00 - INFO - 2. Проверьте файлы в папке temp:
2026-01-08 19:42:00 - INFO -    • Папка: D:\DE\DE_S3_project\data\temp
2026-01-08 19:42:00 - INFO -    • Должны быть: demo_versioning_v1.txt, demo_versioning_v2.txt, demo_versioning_v3.txt
2026-01-08 19:42:00 - INFO -    • И скачанная предыдущая версия: demo_versioning_previous_v_{ID}.txt
2026-01-08 19:42:00 - INFO - 3. Код методов корректно работает
2026-01-08 19:42:00 - INFO - 4. Все операции выполняются асинхронно
2026-01-08 19:42:00 - INFO - ============================================================
2026-01-08 19:42:00 - INFO - 
======================================================================
2026-01-08 19:42:00 - INFO - ✅ ДЕМОНСТРАЦИЯ ЗАВЕРШЕНА
2026-01-08 19:42:00 - INFO - ======================================================================
2026-01-08 19:42:00 - INFO - 📄 Все логи сохранены в файле: D:\DE\DE_S3_project\data\logs\pipeline_tasks_1&2_20260108_194148.log
