2026-01-08 19:56:19 - root - INFO - ======================================================================
2026-01-08 19:56:19 - root - INFO - 🎯 ПАЙПЛАЙН ОБРАБОТКИ ФАЙЛОВ С ФИЛЬТРАЦИЕЙ ПО ЗАРПЛАТЕ
2026-01-08 19:56:19 - root - INFO - ======================================================================
2026-01-08 19:56:19 - root - INFO - 📝 Фильтрация: данные попадают в отфильтрованный файл,
2026-01-08 19:56:19 - root - INFO -    если зарплата больше 55000
2026-01-08 19:56:19 - root - INFO - ======================================================================
2026-01-08 19:56:19 - root - INFO - 
🔧 Инициализация S3 клиента...
2026-01-08 19:56:19 - AsyncObjectStorage - INFO - Инициализирован клиент для https://s3.ru-7.storage.selcloud.ru/de-practice
2026-01-08 19:56:19 - AsyncObjectStorage - INFO - SSL проверка: False
2026-01-08 19:56:19 - root - INFO - 🔍 Тестирование подключения к S3...
2026-01-08 19:56:20 - AsyncObjectStorage - INFO - Получено файлов: 16
2026-01-08 19:56:20 - root - INFO -    ✅ Подключение успешно!
2026-01-08 19:56:20 - root - INFO -    📁 Файлов в бакете: 16
2026-01-08 19:56:20 - root - INFO -    📋 Примеры файлов:
2026-01-08 19:56:20 - root - INFO -      1. demo_versioning.txt
2026-01-08 19:56:20 - root - INFO -      2. incoming/test_data_1767640407.csv
2026-01-08 19:56:20 - root - INFO -      3. incoming/test_data_1767787513.csv
2026-01-08 19:56:20 - root - INFO - 
🔧 Создание пайплайна...
2026-01-08 19:56:20 - DataPipeline - INFO - Пайплайн инициализирован
2026-01-08 19:56:20 - DataPipeline - INFO - Фильтрация: зарплата > 55000
2026-01-08 19:56:20 - DataPipeline - INFO - Папка наблюдения: D:\DE\DE_S3_project\data\incoming
2026-01-08 19:56:20 - DataPipeline - INFO - Папка обработки: D:\DE\DE_S3_project\data\processed
2026-01-08 19:56:20 - root - INFO - 
🔍 Проверка папки incoming...
2026-01-08 19:56:20 - root - INFO -    Путь из конфига: D:\DE\DE_S3_project\data\incoming
2026-01-08 19:56:20 - root - INFO -    Абсолютный путь: D:\DE\DE_S3_project\data\incoming
2026-01-08 19:56:20 - root - INFO -    ✅ Папка создана/существует
2026-01-08 19:56:20 - root - INFO -    ✅ Папка существует
2026-01-08 19:56:20 - root - INFO -    📊 Найдено файлов в папке: 0
2026-01-08 19:56:20 - root - INFO -    📭 Папка incoming пуста
2026-01-08 19:56:20 - root - INFO -    📝 Создаю пример файла с данными...
2026-01-08 19:56:20 - root - INFO -    ✅ Пример файла создан: employees_example.csv
2026-01-08 19:56:20 - root - INFO -    📊 В файле 15 записей, включая стажеров с зарплатой ≤ 55000
2026-01-08 19:56:20 - root - INFO -    📍 Полный путь: D:\DE\DE_S3_project\data\incoming\employees_example.csv
2026-01-08 19:56:20 - root - INFO - 
🔄 Обработка существующих файлов...
2026-01-08 19:56:20 - DataPipeline - INFO - 🔍 Найдено файлов для обработки: 1
2026-01-08 19:56:20 - DataPipeline - INFO - 📁 Начало обработки файла: employees_example.csv
2026-01-08 19:56:20 - DataPipeline - INFO -    Размер файла: 1468 байт
2026-01-08 19:56:20 - DataPipeline - INFO -    Формат: .csv, колонки: ['id', 'name', 'department', 'position', 'salary', 'hire_date', 'city']
2026-01-08 19:56:20 - DataPipeline - INFO -    Размер: 15 строк, 7 столбцов
2026-01-08 19:56:20 - DataPipeline - INFO -    Прочитано записей: 15
2026-01-08 19:56:20 - DataPipeline - INFO -    Найдены колонки с зарплатой: ['salary']
2026-01-08 19:56:20 - DataPipeline - INFO -    Статистика по salary до фильтрации:
2026-01-08 19:56:20 - DataPipeline - INFO -      Мин: 80.00
2026-01-08 19:56:20 - DataPipeline - INFO -      Макс: 150000.00
2026-01-08 19:56:20 - DataPipeline - INFO -      Среднее: 57344.67
2026-01-08 19:56:20 - DataPipeline - INFO -    Отфильтровано записей по salary (зарплата <= 55000): 10
2026-01-08 19:56:20 - DataPipeline - INFO -    Статистика по salary после фильтрации:
2026-01-08 19:56:20 - DataPipeline - INFO -      Мин: 60000.00
2026-01-08 19:56:20 - DataPipeline - INFO -      Макс: 150000.00
2026-01-08 19:56:20 - DataPipeline - INFO -      Среднее: 101000.00
2026-01-08 19:56:20 - DataPipeline - INFO -    Удалено записей с зарплатой <= 55000: 10
2026-01-08 19:56:20 - DataPipeline - INFO -    Итоговая статистика:
2026-01-08 19:56:20 - DataPipeline - INFO -      Было записей: 15
2026-01-08 19:56:20 - DataPipeline - INFO -      Стало записей: 5
2026-01-08 19:56:20 - DataPipeline - INFO -      Отфильтровано по зарплате: 10
2026-01-08 19:56:20 - DataPipeline - INFO -    После фильтрации осталось: 5 записей
2026-01-08 19:56:20 - DataPipeline - INFO -    Отфильтровано по зарплате: 10 записей
2026-01-08 19:56:20 - DataPipeline - INFO -    📝 Временный файл сохранен: salary_filtered_employees_example_total15_filtered10_1767891380.csv
2026-01-08 19:56:20 - DataPipeline - INFO -    📊 Размер файла: 871 байт
2026-01-08 19:56:20 - DataPipeline - INFO -    📤 Загрузка в S3: processed/2026-01-08/salary_filtered_employees_example_1767891380.csv
2026-01-08 19:56:20 - AsyncObjectStorage - INFO - Начало загрузки: processed/2026-01-08/salary_filtered_employees_example_1767891380.csv (D:\DE\DE_S3_project\data\temp\salary_filtered_employees_example_total15_filtered10_1767891380.csv)
2026-01-08 19:56:20 - AsyncObjectStorage - INFO - Загружено: processed/2026-01-08/salary_filtered_employees_example_1767891380.csv
2026-01-08 19:56:20 - AsyncObjectStorage - INFO - Начало загрузки: processed/2026-01-08/salary_filtered_employees_example_1767891380.csv (D:\DE\DE_S3_project\data\temp\salary_filtered_employees_example_total15_filtered10_1767891380.csv)
2026-01-08 19:56:20 - AsyncObjectStorage - INFO - Загружено: processed/2026-01-08/salary_filtered_employees_example_1767891380.csv
2026-01-08 19:56:20 - AsyncObjectStorage - INFO - Загружено с версионированием: processed/2026-01-08/salary_filtered_employees_example_1767891380.csv, VersionId: 1767891379914963771
2026-01-08 19:56:20 - DataPipeline - INFO -    ✅ Файл загружен в S3: processed/2026-01-08/salary_filtered_employees_example_1767891380.csv
2026-01-08 19:56:20 - DataPipeline - INFO -    📦 Исходный файл скопирован в архив и удален: archive\2026-01-08\employees_example.csv
2026-01-08 19:56:20 - DataPipeline - INFO -    🗑️  Временный файл удален: salary_filtered_employees_example_total15_filtered10_1767891380.csv
2026-01-08 19:56:20 - AsyncObjectStorage - INFO - Начало загрузки: logs/pipeline_log_2026-01-08.json (D:\DE\DE_S3_project\data\logs\pipeline_log_2026-01-08.json)
2026-01-08 19:56:20 - AsyncObjectStorage - INFO - Загружено: logs/pipeline_log_2026-01-08.json
2026-01-08 19:56:20 - AsyncObjectStorage - INFO - Начало загрузки: logs/pipeline_log_2026-01-08.json (D:\DE\DE_S3_project\data\logs\pipeline_log_2026-01-08.json)
2026-01-08 19:56:20 - AsyncObjectStorage - INFO - Загружено: logs/pipeline_log_2026-01-08.json
2026-01-08 19:56:20 - AsyncObjectStorage - INFO - Загружено с версионированием: logs/pipeline_log_2026-01-08.json, VersionId: 1767891380056479552
2026-01-08 19:56:20 - DataPipeline - INFO -    📋 Логи сохранены: pipeline_log_2026-01-08.json -> logs/pipeline_log_2026-01-08.json
2026-01-08 19:56:21 - root - INFO - 
======================================================================
2026-01-08 19:56:21 - root - INFO - 🚀 ПАЙПЛАЙН ЗАПУЩЕН
2026-01-08 19:56:21 - root - INFO - ======================================================================
2026-01-08 19:56:21 - root - INFO - 📋 Что делает пайплайн:
2026-01-08 19:56:21 - root - INFO -    1. Находит колонку с зарплатой (salary, оклад, доход)
2026-01-08 19:56:21 - root - INFO -    2. Фильтрует записи: оставляет только с зарплатой > 55000
2026-01-08 19:56:21 - root - INFO -    3. Удаляет дубликаты и пустые значения
2026-01-08 19:56:21 - root - INFO -    4. Сохраняет результат в CSV с метаданными
2026-01-08 19:56:21 - root - INFO -    5. Загружает в S3 с версионированием
2026-01-08 19:56:21 - root - INFO -    6. Перемещает исходный файл в архив
2026-01-08 19:56:21 - root - INFO -    7. Логирует все действия локально и в S3
2026-01-08 19:56:21 - root - INFO - 
📁 Положите файлы в папку: D:\DE\DE_S3_project\data\incoming
2026-01-08 19:56:21 - root - INFO - ⏹️  Для остановки нажмите Ctrl+C
2026-01-08 19:56:21 - root - INFO - ======================================================================
2026-01-08 19:56:21 - root - INFO - 📄 Логи пайплайна: D:\DE\DE_S3_project\data\logs\pipeline_task3_20260108_195619.log
2026-01-08 19:56:21 - root - INFO - 
👁️  Мониторинг папки: D:\DE\DE_S3_project\data\incoming
2026-01-08 19:56:21 - root - INFO - 🎯 Фильтрация: зарплата > 55000
2026-01-08 19:56:21 - root - INFO - 📋 Поддерживаемые форматы: CSV, JSON, Excel, Parquet, TXT
2026-01-08 19:56:21 - root - INFO - ⏹️  Для остановки нажмите Ctrl+C

2026-01-08 19:56:21 - root - INFO - ======================================================================
2026-01-08 19:56:21 - root - INFO - 
⏰ 19:56:21 | 📁 Файлов в папке: 0 | ⏳ Новых: 0
2026-01-08 19:56:26 - root - INFO - 
⏰ 19:56:26 | 📁 Файлов в папке: 1 | ⏳ Новых: 1
2026-01-08 19:56:26 - root - INFO - 
======================================================================
2026-01-08 19:56:26 - root - INFO - 📁 ОБНАРУЖЕН НОВЫЙ ФАЙЛ: test_data.csv
2026-01-08 19:56:26 - root - INFO - ======================================================================
2026-01-08 19:56:26 - root - INFO - 🔍 Проверка файла...
2026-01-08 19:56:27 - root - INFO - 🔄 Начало обработки...
2026-01-08 19:56:27 - DataPipeline - INFO - 📁 Начало обработки файла: test_data.csv
2026-01-08 19:56:27 - DataPipeline - INFO -    Размер файла: 716 байт
2026-01-08 19:56:27 - DataPipeline - INFO -    Формат: .csv, колонки: ['id', 'name', 'age', 'city', 'salary', 'join_date']
2026-01-08 19:56:27 - DataPipeline - INFO -    Размер: 10 строк, 6 столбцов
2026-01-08 19:56:27 - DataPipeline - INFO -    Прочитано записей: 10
2026-01-08 19:56:27 - DataPipeline - INFO -    Найдены колонки с зарплатой: ['salary']
2026-01-08 19:56:27 - DataPipeline - INFO -    Статистика по salary до фильтрации:
2026-01-08 19:56:27 - DataPipeline - INFO -      Мин: 45000.00
2026-01-08 19:56:27 - DataPipeline - INFO -      Макс: 148000.00
2026-01-08 19:56:27 - DataPipeline - INFO -      Среднее: 73000.00
2026-01-08 19:56:27 - DataPipeline - INFO -    Отфильтровано записей по salary (зарплата <= 55000): 4
2026-01-08 19:56:27 - DataPipeline - INFO -    Статистика по salary после фильтрации:
2026-01-08 19:56:27 - DataPipeline - INFO -      Мин: 65000.00
2026-01-08 19:56:27 - DataPipeline - INFO -      Макс: 148000.00
2026-01-08 19:56:27 - DataPipeline - INFO -      Среднее: 88000.00
2026-01-08 19:56:27 - DataPipeline - INFO -    Удалено записей с зарплатой <= 55000: 4
2026-01-08 19:56:27 - DataPipeline - INFO -    Итоговая статистика:
2026-01-08 19:56:27 - DataPipeline - INFO -      Было записей: 10
2026-01-08 19:56:27 - DataPipeline - INFO -      Стало записей: 6
2026-01-08 19:56:27 - DataPipeline - INFO -      Отфильтровано по зарплате: 4
2026-01-08 19:56:27 - DataPipeline - INFO -    После фильтрации осталось: 6 записей
2026-01-08 19:56:27 - DataPipeline - INFO -    Отфильтровано по зарплате: 4 записей
2026-01-08 19:56:27 - DataPipeline - INFO -    📝 Временный файл сохранен: salary_filtered_test_data_total10_filtered4_1767891387.csv
2026-01-08 19:56:27 - DataPipeline - INFO -    📊 Размер файла: 789 байт
2026-01-08 19:56:27 - DataPipeline - INFO -    📤 Загрузка в S3: processed/2026-01-08/salary_filtered_test_data_1767891387.csv
2026-01-08 19:56:27 - AsyncObjectStorage - INFO - Начало загрузки: processed/2026-01-08/salary_filtered_test_data_1767891387.csv (D:\DE\DE_S3_project\data\temp\salary_filtered_test_data_total10_filtered4_1767891387.csv)
2026-01-08 19:56:27 - AsyncObjectStorage - INFO - Загружено: processed/2026-01-08/salary_filtered_test_data_1767891387.csv
2026-01-08 19:56:27 - AsyncObjectStorage - INFO - Начало загрузки: processed/2026-01-08/salary_filtered_test_data_1767891387.csv (D:\DE\DE_S3_project\data\temp\salary_filtered_test_data_total10_filtered4_1767891387.csv)
2026-01-08 19:56:27 - AsyncObjectStorage - INFO - Загружено: processed/2026-01-08/salary_filtered_test_data_1767891387.csv
2026-01-08 19:56:27 - AsyncObjectStorage - INFO - Загружено с версионированием: processed/2026-01-08/salary_filtered_test_data_1767891387.csv, VersionId: 1767891387225964625
2026-01-08 19:56:27 - DataPipeline - INFO -    ✅ Файл загружен в S3: processed/2026-01-08/salary_filtered_test_data_1767891387.csv
2026-01-08 19:56:27 - DataPipeline - INFO -    📦 Исходный файл скопирован в архив и удален: archive\2026-01-08\test_data.csv
2026-01-08 19:56:27 - DataPipeline - INFO -    🗑️  Временный файл удален: salary_filtered_test_data_total10_filtered4_1767891387.csv
2026-01-08 19:56:27 - AsyncObjectStorage - INFO - Начало загрузки: logs/pipeline_log_2026-01-08.json (D:\DE\DE_S3_project\data\logs\pipeline_log_2026-01-08.json)
2026-01-08 19:56:27 - AsyncObjectStorage - INFO - Загружено: logs/pipeline_log_2026-01-08.json
2026-01-08 19:56:27 - AsyncObjectStorage - INFO - Начало загрузки: logs/pipeline_log_2026-01-08.json (D:\DE\DE_S3_project\data\logs\pipeline_log_2026-01-08.json)
2026-01-08 19:56:27 - AsyncObjectStorage - INFO - Загружено: logs/pipeline_log_2026-01-08.json
2026-01-08 19:56:27 - AsyncObjectStorage - INFO - Загружено с версионированием: logs/pipeline_log_2026-01-08.json, VersionId: 1767891387340190683
2026-01-08 19:56:27 - DataPipeline - INFO -    📋 Логи сохранены: pipeline_log_2026-01-08.json -> logs/pipeline_log_2026-01-08.json
2026-01-08 19:56:27 - root - INFO - 
✅ ФАЙЛ ОБРАБОТАН УСПЕШНО!
2026-01-08 19:56:27 - root - INFO - ----------------------------------------
2026-01-08 19:56:27 - root - INFO - 📊 Статистика:
2026-01-08 19:56:27 - root - INFO -    Всего записей: 10
2026-01-08 19:56:27 - root - INFO -    Отфильтровано по зарплате (≤ 55000): 4
2026-01-08 19:56:27 - root - INFO -    Осталось записей: 6
2026-01-08 19:56:27 - root - INFO - 📤 Результат:
2026-01-08 19:56:27 - root - INFO -    Загружен в S3: processed/2026-01-08/salary_filtered_test_data_1767891387.csv
2026-01-08 19:56:27 - root - INFO -    Версия: 1767891387225964625
2026-01-08 19:56:27 - root - INFO - 🗂️  Исходный файл:
2026-01-08 19:56:27 - root - INFO -    Перемещен в: processed/archive/
2026-01-08 19:56:27 - root - INFO - ======================================================================
2026-01-08 19:56:32 - root - INFO - 
⏰ 19:56:32 | 📁 Файлов в папке: 0 | ⏳ Новых: 0
2026-01-08 19:56:37 - root - INFO - 
⏰ 19:56:37 | 📁 Файлов в папке: 0 | ⏳ Новых: 0
2026-01-08 19:56:42 - root - INFO - 
⏰ 19:56:42 | 📁 Файлов в папке: 0 | ⏳ Новых: 0
2026-01-08 19:56:47 - root - INFO - 
⏰ 19:56:47 | 📁 Файлов в папке: 0 | ⏳ Новых: 0
2026-01-08 19:56:52 - root - INFO - 
⏰ 19:56:52 | 📁 Файлов в папке: 0 | ⏳ Новых: 0
2026-01-08 19:56:57 - root - INFO - 
⏰ 19:56:57 | 📁 Файлов в папке: 0 | ⏳ Новых: 0
2026-01-08 19:57:02 - root - INFO - 
⏰ 19:57:02 | 📁 Файлов в папке: 0 | ⏳ Новых: 0
2026-01-08 19:57:07 - root - INFO - 
⏰ 19:57:07 | 📁 Файлов в папке: 0 | ⏳ Новых: 0
2026-01-08 19:57:12 - root - INFO - 
⏰ 19:57:12 | 📁 Файлов в папке: 1 | ⏳ Новых: 1
2026-01-08 19:57:12 - root - INFO - 
======================================================================
2026-01-08 19:57:12 - root - INFO - 📁 ОБНАРУЖЕН НОВЫЙ ФАЙЛ: employees_example.csv
2026-01-08 19:57:12 - root - INFO - ======================================================================
2026-01-08 19:57:12 - root - INFO - 🔍 Проверка файла...
2026-01-08 19:57:13 - root - INFO - 🔄 Начало обработки...
2026-01-08 19:57:13 - DataPipeline - INFO - 📁 Начало обработки файла: employees_example.csv
2026-01-08 19:57:13 - DataPipeline - INFO -    Размер файла: 1468 байт
2026-01-08 19:57:13 - DataPipeline - INFO -    Формат: .csv, колонки: ['id', 'name', 'department', 'position', 'salary', 'hire_date', 'city']
2026-01-08 19:57:13 - DataPipeline - INFO -    Размер: 15 строк, 7 столбцов
2026-01-08 19:57:13 - DataPipeline - INFO -    Прочитано записей: 15
2026-01-08 19:57:13 - DataPipeline - INFO -    Найдены колонки с зарплатой: ['salary']
2026-01-08 19:57:13 - DataPipeline - INFO -    Статистика по salary до фильтрации:
2026-01-08 19:57:13 - DataPipeline - INFO -      Мин: 80.00
2026-01-08 19:57:13 - DataPipeline - INFO -      Макс: 150000.00
2026-01-08 19:57:13 - DataPipeline - INFO -      Среднее: 57344.67
2026-01-08 19:57:13 - DataPipeline - INFO -    Отфильтровано записей по salary (зарплата <= 55000): 10
2026-01-08 19:57:14 - DataPipeline - INFO -    Статистика по salary после фильтрации:
2026-01-08 19:57:14 - DataPipeline - INFO -      Мин: 60000.00
2026-01-08 19:57:14 - DataPipeline - INFO -      Макс: 150000.00
2026-01-08 19:57:14 - DataPipeline - INFO -      Среднее: 101000.00
2026-01-08 19:57:14 - DataPipeline - INFO -    Удалено записей с зарплатой <= 55000: 10
2026-01-08 19:57:14 - DataPipeline - INFO -    Итоговая статистика:
2026-01-08 19:57:14 - DataPipeline - INFO -      Было записей: 15
2026-01-08 19:57:14 - DataPipeline - INFO -      Стало записей: 5
2026-01-08 19:57:14 - DataPipeline - INFO -      Отфильтровано по зарплате: 10
2026-01-08 19:57:14 - DataPipeline - INFO -    После фильтрации осталось: 5 записей
2026-01-08 19:57:14 - DataPipeline - INFO -    Отфильтровано по зарплате: 10 записей
2026-01-08 19:57:14 - DataPipeline - INFO -    📝 Временный файл сохранен: salary_filtered_employees_example_total15_filtered10_1767891434.csv
2026-01-08 19:57:14 - DataPipeline - INFO -    📊 Размер файла: 871 байт
2026-01-08 19:57:14 - DataPipeline - INFO -    📤 Загрузка в S3: processed/2026-01-08/salary_filtered_employees_example_1767891434.csv
2026-01-08 19:57:14 - AsyncObjectStorage - INFO - Начало загрузки: processed/2026-01-08/salary_filtered_employees_example_1767891434.csv (D:\DE\DE_S3_project\data\temp\salary_filtered_employees_example_total15_filtered10_1767891434.csv)
2026-01-08 19:57:14 - AsyncObjectStorage - INFO - Загружено: processed/2026-01-08/salary_filtered_employees_example_1767891434.csv
2026-01-08 19:57:14 - AsyncObjectStorage - INFO - Начало загрузки: processed/2026-01-08/salary_filtered_employees_example_1767891434.csv (D:\DE\DE_S3_project\data\temp\salary_filtered_employees_example_total15_filtered10_1767891434.csv)
2026-01-08 19:57:14 - AsyncObjectStorage - INFO - Загружено: processed/2026-01-08/salary_filtered_employees_example_1767891434.csv
2026-01-08 19:57:14 - AsyncObjectStorage - INFO - Загружено с версионированием: processed/2026-01-08/salary_filtered_employees_example_1767891434.csv, VersionId: 1767891433586764123
2026-01-08 19:57:14 - DataPipeline - INFO -    ✅ Файл загружен в S3: processed/2026-01-08/salary_filtered_employees_example_1767891434.csv
2026-01-08 19:57:14 - DataPipeline - INFO -    📦 Исходный файл скопирован в архив и удален: archive\2026-01-08\employees_example_1767891434.csv
2026-01-08 19:57:14 - DataPipeline - INFO -    🗑️  Временный файл удален: salary_filtered_employees_example_total15_filtered10_1767891434.csv
2026-01-08 19:57:14 - AsyncObjectStorage - INFO - Начало загрузки: logs/pipeline_log_2026-01-08.json (D:\DE\DE_S3_project\data\logs\pipeline_log_2026-01-08.json)
2026-01-08 19:57:14 - AsyncObjectStorage - INFO - Загружено: logs/pipeline_log_2026-01-08.json
2026-01-08 19:57:14 - AsyncObjectStorage - INFO - Начало загрузки: logs/pipeline_log_2026-01-08.json (D:\DE\DE_S3_project\data\logs\pipeline_log_2026-01-08.json)
2026-01-08 19:57:14 - AsyncObjectStorage - INFO - Загружено: logs/pipeline_log_2026-01-08.json
2026-01-08 19:57:14 - AsyncObjectStorage - INFO - Загружено с версионированием: logs/pipeline_log_2026-01-08.json, VersionId: 1767891433704578718
2026-01-08 19:57:14 - DataPipeline - INFO -    📋 Логи сохранены: pipeline_log_2026-01-08.json -> logs/pipeline_log_2026-01-08.json
2026-01-08 19:57:14 - root - INFO - 
✅ ФАЙЛ ОБРАБОТАН УСПЕШНО!
2026-01-08 19:57:14 - root - INFO - ----------------------------------------
2026-01-08 19:57:14 - root - INFO - 📊 Статистика:
2026-01-08 19:57:14 - root - INFO -    Всего записей: 15
2026-01-08 19:57:14 - root - INFO -    Отфильтровано по зарплате (≤ 55000): 10
2026-01-08 19:57:14 - root - INFO -    Осталось записей: 5
2026-01-08 19:57:14 - root - INFO - 📤 Результат:
2026-01-08 19:57:14 - root - INFO -    Загружен в S3: processed/2026-01-08/salary_filtered_employees_example_1767891434.csv
2026-01-08 19:57:14 - root - INFO -    Версия: 1767891433586764123
2026-01-08 19:57:14 - root - INFO - 🗂️  Исходный файл:
2026-01-08 19:57:14 - root - INFO -    Перемещен в: processed/archive/
2026-01-08 19:57:14 - root - INFO - ======================================================================
2026-01-08 19:57:19 - root - INFO - 
⏰ 19:57:19 | 📁 Файлов в папке: 0 | ⏳ Новых: 0
2026-01-08 19:57:24 - root - INFO - 
⏰ 19:57:24 | 📁 Файлов в папке: 0 | ⏳ Новых: 0
2026-01-08 19:57:29 - root - INFO - 
⏰ 19:57:29 | 📁 Файлов в папке: 0 | ⏳ Новых: 0
2026-01-08 19:57:34 - root - INFO - 
⏰ 19:57:34 | 📁 Файлов в папке: 0 | ⏳ Новых: 0
2026-01-08 19:57:39 - root - INFO - 
⏰ 19:57:39 | 📁 Файлов в папке: 0 | ⏳ Новых: 0
2026-01-08 19:57:44 - root - INFO - 
⏰ 19:57:44 | 📁 Файлов в папке: 0 | ⏳ Новых: 0
2026-01-08 19:57:49 - root - INFO - 
⏰ 19:57:49 | 📁 Файлов в папке: 0 | ⏳ Новых: 0
2026-01-08 19:57:54 - root - INFO - 
⏰ 19:57:54 | 📁 Файлов в папке: 0 | ⏳ Новых: 0
2026-01-08 19:57:59 - root - INFO - 
⏰ 19:57:59 | 📁 Файлов в папке: 0 | ⏳ Новых: 0
2026-01-08 19:58:04 - root - INFO - 
⏰ 19:58:04 | 📁 Файлов в папке: 0 | ⏳ Новых: 0
2026-01-08 19:58:09 - root - INFO - 
⏰ 19:58:09 | 📁 Файлов в папке: 0 | ⏳ Новых: 0
2026-01-08 19:58:14 - root - INFO - 
⏰ 19:58:14 | 📁 Файлов в папке: 0 | ⏳ Новых: 0
2026-01-08 19:58:19 - root - INFO - 
⏰ 19:58:19 | 📁 Файлов в папке: 0 | ⏳ Новых: 0
2026-01-08 19:58:24 - root - INFO - 

👋 Программа завершена
